This is LuaHBTeX, Version 1.17.1 (MiKTeX 24.1) (format=lualatex 2024.9.19)  27 SEP 2024 02:29
 system commands enabled.
**document.tex
(./document.tex
LaTeX2e <2023-11-01> patch level 1
L3 programming layer <2024-01-04>
Lua module: luaotfload 2023-08-31 3.26 Lua based OpenType font support
Lua module: lualibs 2023-07-13 2.76 ConTeXt Lua standard libraries.
Lua module: lualibs-extended 2023-07-13 2.76 ConTeXt Lua libraries -- extended c
ollection.
luaotfload | conf : Root cache directory is "C:/Users/LordKuro4Life/AppData/Loca
l/MiKTeX/luatex-cache/generic/names".
luaotfload | init : Loading fontloader "fontloader-2023-08-19.lua" from kpse-res
olved path "C:/Program Files/MiKTeX/tex/luatex/luaotfload/fontloader-2023-08-19.
lua".
Lua-only attribute luaotfload@noligature = 1
luaotfload | init : Context OpenType loader version 3.133
Inserting `luaotfload.node_processor' in `pre_linebreak_filter'.
Inserting `luaotfload.node_processor' in `hpack_filter'.
Inserting `luaotfload.glyph_stream' in `glyph_stream_provider'.
Inserting `luaotfload.define_font' in `define_font'.
Lua-only attribute luaotfload_color_attribute = 2
luaotfload | conf : Root cache directory is "C:/Users/LordKuro4Life/AppData/Loca
l/MiKTeX/luatex-cache/generic/names".
Inserting `luaotfload.harf.strip_prefix' in `find_opentype_file'.
Inserting `luaotfload.harf.strip_prefix' in `find_truetype_file'.
Removing  `luaotfload.glyph_stream' from `glyph_stream_provider'.
Inserting `luaotfload.harf.glyphstream' in `glyph_stream_provider'.
Inserting `luaotfload.harf.finalize_vlist' in `post_linebreak_filter'.
Inserting `luaotfload.harf.finalize_hlist' in `hpack_filter'.
Inserting `luaotfload.cleanup_files' in `wrapup_run'.
Inserting `luaotfload.harf.finalize_unicode' in `finish_pdffile'.
Inserting `luaotfload.glyphinfo' in `glyph_info'.
Lua-only attribute luaotfload.letterspace_done = 3
Inserting `luaotfload.aux.set_sscale_dimens' in `luaotfload.patch_font'.
Inserting `luaotfload.aux.set_font_index' in `luaotfload.patch_font'.
Inserting `luaotfload.aux.patch_cambria_domh' in `luaotfload.patch_font'.
Inserting `luaotfload.aux.fixup_fontdata' in `luaotfload.patch_font_unsafe'.
Inserting `luaotfload.aux.set_capheight' in `luaotfload.patch_font'.
Inserting `luaotfload.aux.set_xheight' in `luaotfload.patch_font'.
Inserting `luaotfload.rewrite_fontname' in `luaotfload.patch_font'.
Inserting `tracingstacklevels' in `input_level_string'. ("C:/Program Files/MiKT
eX/tex/latex/base/article.cls"
Document Class: article 2023/05/17 v1.4n Standard LaTeX document class
("C:/Program Files/MiKTeX/tex/latex/base/size12.clo"
File: size12.clo 2023/05/17 v1.4n Standard LaTeX file (size option)
luaotfload | db : Font names database loaded from C:/Users/LordKuro4Life/AppData
/Local/MiKTeX/luatex-cache/generic/names/luaotfload-names.luc.gz)
\c@part=\count185
\c@section=\count186
\c@subsection=\count187
\c@subsubsection=\count188
\c@paragraph=\count189
\c@subparagraph=\count190
\c@figure=\count191
\c@table=\count192
\abovecaptionskip=\skip48
\belowcaptionskip=\skip49
\bibindent=\dimen139
)
("C:/Program Files/MiKTeX/tex/latex/graphics/graphicx.sty"
Package: graphicx 2021/09/16 v1.2d Enhanced LaTeX Graphics (DPC,SPQR)

("C:/Program Files/MiKTeX/tex/latex/graphics/keyval.sty"
Package: keyval 2022/05/29 v1.15 key=value parser (DPC)
\KV@toks@=\toks17
)
("C:/Program Files/MiKTeX/tex/latex/graphics/graphics.sty"
Package: graphics 2022/03/10 v1.4e Standard LaTeX Graphics (DPC,SPQR)

("C:/Program Files/MiKTeX/tex/latex/graphics/trig.sty"
Package: trig 2021/08/11 v1.11 sin cos tan (DPC)
)
("C:/Program Files/MiKTeX/tex/latex/graphics-cfg/graphics.cfg"
File: graphics.cfg 2016/06/04 v1.11 sample graphics configuration
)
Package graphics Info: Driver file: luatex.def on input line 107.

("C:/Program Files/MiKTeX/tex/latex/graphics-def/luatex.def"
File: luatex.def 2022/09/22 v1.2d Graphics/color driver for luatex
))
\Gin@req@height=\dimen140
\Gin@req@width=\dimen141
)
("C:/Program Files/MiKTeX/tex/latex/pgf/frontendlayer/tikz.sty"
("C:/Program Files/MiKTeX/tex/latex/pgf/basiclayer/pgf.sty"
("C:/Program Files/MiKTeX/tex/latex/pgf/utilities/pgfrcs.sty"
("C:/Program Files/MiKTeX/tex/generic/pgf/utilities/pgfutil-common.tex"
\pgfutil@everybye=\toks18
\pgfutil@tempdima=\dimen142
\pgfutil@tempdimb=\dimen143
)
("C:/Program Files/MiKTeX/tex/generic/pgf/utilities/pgfutil-latex.def"
\pgfutil@abb=\box51
)
("C:/Program Files/MiKTeX/tex/generic/pgf/utilities/pgfrcs.code.tex"
("C:/Program Files/MiKTeX/tex/generic/pgf/pgf.revision.tex")
Package: pgfrcs 2023-01-15 v3.1.10 (3.1.10)
))
Package: pgf 2023-01-15 v3.1.10 (3.1.10)

("C:/Program Files/MiKTeX/tex/latex/pgf/basiclayer/pgfcore.sty"
("C:/Program Files/MiKTeX/tex/latex/pgf/systemlayer/pgfsys.sty"
("C:/Program Files/MiKTeX/tex/generic/pgf/systemlayer/pgfsys.code.tex"
Package: pgfsys 2023-01-15 v3.1.10 (3.1.10)

("C:/Program Files/MiKTeX/tex/generic/pgf/utilities/pgfkeys.code.tex"
\pgfkeys@pathtoks=\toks19
\pgfkeys@temptoks=\toks20

("C:/Program Files/MiKTeX/tex/generic/pgf/utilities/pgfkeyslibraryfiltered.code
.tex"
\pgfkeys@tmptoks=\toks21
))
\pgf@x=\dimen144
\pgf@y=\dimen145
\pgf@xa=\dimen146
\pgf@ya=\dimen147
\pgf@xb=\dimen148
\pgf@yb=\dimen149
\pgf@xc=\dimen150
\pgf@yc=\dimen151
\pgf@xd=\dimen152
\pgf@yd=\dimen153
\w@pgf@writea=\write3
\r@pgf@reada=\read2
\c@pgf@counta=\count193
\c@pgf@countb=\count194
\c@pgf@countc=\count195
\c@pgf@countd=\count196
\t@pgf@toka=\toks22
\t@pgf@tokb=\toks23
\t@pgf@tokc=\toks24
\pgf@sys@id@count=\count197
 ("C:/Program Files/MiKTeX/tex/generic/pgf/systemlayer/pgf.cfg"
File: pgf.cfg 2023-01-15 v3.1.10 (3.1.10)
)
Driver file for pgf: pgfsys-luatex.def

("C:/Program Files/MiKTeX/tex/generic/pgf/systemlayer/pgfsys-luatex.def"
File: pgfsys-luatex.def 2023-01-15 v3.1.10 (3.1.10)

("C:/Program Files/MiKTeX/tex/generic/pgf/systemlayer/pgfsys-common-pdf.def"
File: pgfsys-common-pdf.def 2023-01-15 v3.1.10 (3.1.10)
))) ("C:/Program Files/MiKTeX/tex/generic/pgf/systemlayer/pgfsyssoftpath.code.t
ex"
File: pgfsyssoftpath.code.tex 2023-01-15 v3.1.10 (3.1.10)
\pgfsyssoftpath@smallbuffer@items=\count198
\pgfsyssoftpath@bigbuffer@items=\count199
) ("C:/Program Files/MiKTeX/tex/generic/pgf/systemlayer/pgfsysprotocol.code.tex
"
File: pgfsysprotocol.code.tex 2023-01-15 v3.1.10 (3.1.10)
)) ("C:/Program Files/MiKTeX/tex/latex/xcolor/xcolor.sty"
Package: xcolor 2023/11/15 v3.01 LaTeX color extensions (UK)

("C:/Program Files/MiKTeX/tex/latex/graphics-cfg/color.cfg"
File: color.cfg 2016/01/02 v1.6 sample color configuration
)
Package xcolor Info: Driver file: luatex.def on input line 274.

("C:/Program Files/MiKTeX/tex/latex/graphics/mathcolor.ltx")
Package xcolor Info: Model `cmy' substituted by `cmy0' on input line 1350.
Package xcolor Info: Model `hsb' substituted by `rgb' on input line 1354.
Package xcolor Info: Model `RGB' extended on input line 1366.
Package xcolor Info: Model `HTML' substituted by `rgb' on input line 1368.
Package xcolor Info: Model `Hsb' substituted by `hsb' on input line 1369.
Package xcolor Info: Model `tHsb' substituted by `hsb' on input line 1370.
Package xcolor Info: Model `HSB' substituted by `hsb' on input line 1371.
Package xcolor Info: Model `Gray' substituted by `gray' on input line 1372.
Package xcolor Info: Model `wave' substituted by `hsb' on input line 1373.
)
("C:/Program Files/MiKTeX/tex/generic/pgf/basiclayer/pgfcore.code.tex"
Package: pgfcore 2023-01-15 v3.1.10 (3.1.10)

("C:/Program Files/MiKTeX/tex/generic/pgf/math/pgfmath.code.tex"
("C:/Program Files/MiKTeX/tex/generic/pgf/math/pgfmathutil.code.tex")
("C:/Program Files/MiKTeX/tex/generic/pgf/math/pgfmathparser.code.tex"
\pgfmath@dimen=\dimen154
\pgfmath@count=\count266
\pgfmath@box=\box52
\pgfmath@toks=\toks25
\pgfmath@stack@operand=\toks26
\pgfmath@stack@operation=\toks27
)
("C:/Program Files/MiKTeX/tex/generic/pgf/math/pgfmathfunctions.code.tex")
("C:/Program Files/MiKTeX/tex/generic/pgf/math/pgfmathfunctions.basic.code.tex"
)
("C:/Program Files/MiKTeX/tex/generic/pgf/math/pgfmathfunctions.trigonometric.c
ode.tex")
("C:/Program Files/MiKTeX/tex/generic/pgf/math/pgfmathfunctions.random.code.tex
")
("C:/Program Files/MiKTeX/tex/generic/pgf/math/pgfmathfunctions.comparison.code
.tex")
("C:/Program Files/MiKTeX/tex/generic/pgf/math/pgfmathfunctions.base.code.tex") ("C:/Program Files/MiKTeX/tex/generic/pgf/math/pgfmathfunctions.round.code.tex") ("C:/Program Files/MiKTeX/tex/generic/pgf/math/pgfmathfunctions.misc.code.tex")
("C:/Program Files/MiKTeX/tex/generic/pgf/math/pgfmathfunctions.integerarithmet
ics.code.tex")
("C:/Program Files/MiKTeX/tex/generic/pgf/math/pgfmathcalc.code.tex")
("C:/Program Files/MiKTeX/tex/generic/pgf/math/pgfmathfloat.code.tex"
\c@pgfmathroundto@lastzeros=\count267
))
("C:/Program Files/MiKTeX/tex/generic/pgf/math/pgfint.code.tex")
("C:/Program Files/MiKTeX/tex/generic/pgf/basiclayer/pgfcorepoints.code.tex"
File: pgfcorepoints.code.tex 2023-01-15 v3.1.10 (3.1.10)
\pgf@picminx=\dimen155
\pgf@picmaxx=\dimen156
\pgf@picminy=\dimen157
\pgf@picmaxy=\dimen158
\pgf@pathminx=\dimen159
\pgf@pathmaxx=\dimen160
\pgf@pathminy=\dimen161
\pgf@pathmaxy=\dimen162
\pgf@xx=\dimen163
\pgf@xy=\dimen164
\pgf@yx=\dimen165
\pgf@yy=\dimen166
\pgf@zx=\dimen167
\pgf@zy=\dimen168
)
("C:/Program Files/MiKTeX/tex/generic/pgf/basiclayer/pgfcorepathconstruct.code.
tex"
File: pgfcorepathconstruct.code.tex 2023-01-15 v3.1.10 (3.1.10)
\pgf@path@lastx=\dimen169
\pgf@path@lasty=\dimen170
)
("C:/Program Files/MiKTeX/tex/generic/pgf/basiclayer/pgfcorepathusage.code.tex"
File: pgfcorepathusage.code.tex 2023-01-15 v3.1.10 (3.1.10)
\pgf@shorten@end@additional=\dimen171
\pgf@shorten@start@additional=\dimen172
) ("C:/Program Files/MiKTeX/tex/generic/pgf/basiclayer/pgfcorescopes.code.tex"
File: pgfcorescopes.code.tex 2023-01-15 v3.1.10 (3.1.10)
\pgfpic=\box53
\pgf@hbox=\box54
\pgf@layerbox@main=\box55
\pgf@picture@serial@count=\count268
)
("C:/Program Files/MiKTeX/tex/generic/pgf/basiclayer/pgfcoregraphicstate.code.t
ex"
File: pgfcoregraphicstate.code.tex 2023-01-15 v3.1.10 (3.1.10)
\pgflinewidth=\dimen173
)
("C:/Program Files/MiKTeX/tex/generic/pgf/basiclayer/pgfcoretransformations.cod
e.tex"
File: pgfcoretransformations.code.tex 2023-01-15 v3.1.10 (3.1.10)
\pgf@pt@x=\dimen174
\pgf@pt@y=\dimen175
\pgf@pt@temp=\dimen176
)
("C:/Program Files/MiKTeX/tex/generic/pgf/basiclayer/pgfcorequick.code.tex"
File: pgfcorequick.code.tex 2023-01-15 v3.1.10 (3.1.10)
)
("C:/Program Files/MiKTeX/tex/generic/pgf/basiclayer/pgfcoreobjects.code.tex"
File: pgfcoreobjects.code.tex 2023-01-15 v3.1.10 (3.1.10)
)
("C:/Program Files/MiKTeX/tex/generic/pgf/basiclayer/pgfcorepathprocessing.code
.tex"
File: pgfcorepathprocessing.code.tex 2023-01-15 v3.1.10 (3.1.10)
)
("C:/Program Files/MiKTeX/tex/generic/pgf/basiclayer/pgfcorearrows.code.tex"
File: pgfcorearrows.code.tex 2023-01-15 v3.1.10 (3.1.10)
\pgfarrowsep=\dimen177
)
("C:/Program Files/MiKTeX/tex/generic/pgf/basiclayer/pgfcoreshade.code.tex"
File: pgfcoreshade.code.tex 2023-01-15 v3.1.10 (3.1.10)
\pgf@max=\dimen178
\pgf@sys@shading@range@num=\count269
\pgf@shadingcount=\count270
)
("C:/Program Files/MiKTeX/tex/generic/pgf/basiclayer/pgfcoreimage.code.tex"
File: pgfcoreimage.code.tex 2023-01-15 v3.1.10 (3.1.10)
)
("C:/Program Files/MiKTeX/tex/generic/pgf/basiclayer/pgfcoreexternal.code.tex"
File: pgfcoreexternal.code.tex 2023-01-15 v3.1.10 (3.1.10)
\pgfexternal@startupbox=\box56
) ("C:/Program Files/MiKTeX/tex/generic/pgf/basiclayer/pgfcorelayers.code.tex"
File: pgfcorelayers.code.tex 2023-01-15 v3.1.10 (3.1.10)
)
("C:/Program Files/MiKTeX/tex/generic/pgf/basiclayer/pgfcoretransparency.code.t
ex"
File: pgfcoretransparency.code.tex 2023-01-15 v3.1.10 (3.1.10)
)
("C:/Program Files/MiKTeX/tex/generic/pgf/basiclayer/pgfcorepatterns.code.tex"
File: pgfcorepatterns.code.tex 2023-01-15 v3.1.10 (3.1.10)
) ("C:/Program Files/MiKTeX/tex/generic/pgf/basiclayer/pgfcorerdf.code.tex"
File: pgfcorerdf.code.tex 2023-01-15 v3.1.10 (3.1.10)
)))
("C:/Program Files/MiKTeX/tex/generic/pgf/modules/pgfmoduleshapes.code.tex"
File: pgfmoduleshapes.code.tex 2023-01-15 v3.1.10 (3.1.10)
\pgfnodeparttextbox=\box57
)
("C:/Program Files/MiKTeX/tex/generic/pgf/modules/pgfmoduleplot.code.tex"
File: pgfmoduleplot.code.tex 2023-01-15 v3.1.10 (3.1.10)
)
("C:/Program Files/MiKTeX/tex/latex/pgf/compatibility/pgfcomp-version-0-65.sty"
Package: pgfcomp-version-0-65 2023-01-15 v3.1.10 (3.1.10)
\pgf@nodesepstart=\dimen179
\pgf@nodesepend=\dimen180
) ("C:/Program Files/MiKTeX/tex/latex/pgf/compatibility/pgfcomp-version-1-18.st
y"
Package: pgfcomp-version-1-18 2023-01-15 v3.1.10 (3.1.10)
)) ("C:/Program Files/MiKTeX/tex/latex/pgf/utilities/pgffor.sty"
("C:/Program Files/MiKTeX/tex/latex/pgf/utilities/pgfkeys.sty"
("C:/Program Files/MiKTeX/tex/generic/pgf/utilities/pgfkeys.code.tex"))
("C:/Program Files/MiKTeX/tex/latex/pgf/math/pgfmath.sty"
("C:/Program Files/MiKTeX/tex/generic/pgf/math/pgfmath.code.tex"))
("C:/Program Files/MiKTeX/tex/generic/pgf/utilities/pgffor.code.tex"
Package: pgffor 2023-01-15 v3.1.10 (3.1.10)
\pgffor@iter=\dimen181
\pgffor@skip=\dimen182
\pgffor@stack=\toks28
\pgffor@toks=\toks29
))
("C:/Program Files/MiKTeX/tex/generic/pgf/frontendlayer/tikz/tikz.code.tex"
Package: tikz 2023-01-15 v3.1.10 (3.1.10)

("C:/Program Files/MiKTeX/tex/generic/pgf/libraries/pgflibraryplothandlers.code
.tex"
File: pgflibraryplothandlers.code.tex 2023-01-15 v3.1.10 (3.1.10)
\pgf@plot@mark@count=\count271
\pgfplotmarksize=\dimen183
)
\tikz@lastx=\dimen184
\tikz@lasty=\dimen185
\tikz@lastxsaved=\dimen186
\tikz@lastysaved=\dimen187
\tikz@lastmovetox=\dimen188
\tikz@lastmovetoy=\dimen189
\tikzleveldistance=\dimen190
\tikzsiblingdistance=\dimen191
\tikz@figbox=\box58
\tikz@figbox@bg=\box59
\tikz@tempbox=\box60
\tikz@tempbox@bg=\box61
\tikztreelevel=\count272
\tikznumberofchildren=\count273
\tikznumberofcurrentchild=\count274
\tikz@fig@count=\count275

("C:/Program Files/MiKTeX/tex/generic/pgf/modules/pgfmodulematrix.code.tex"
File: pgfmodulematrix.code.tex 2023-01-15 v3.1.10 (3.1.10)
\pgfmatrixcurrentrow=\count276
\pgfmatrixcurrentcolumn=\count277
\pgf@matrix@numberofcolumns=\count278
)
\tikz@expandcount=\count279

("C:/Program Files/MiKTeX/tex/generic/pgf/frontendlayer/tikz/libraries/tikzlibr
arytopaths.code.tex"
File: tikzlibrarytopaths.code.tex 2023-01-15 v3.1.10 (3.1.10)
)))
("C:/Program Files/MiKTeX/tex/latex/pgf/frontendlayer/libraries/tikzlibraryexte
rnal.code.tex" ("C:/Program Files/MiKTeX/tex/generic/pdftexcmds/pdftexcmds.sty"
Package: pdftexcmds 2020-06-27 v0.33 Utility functions of pdfTeX for LuaTeX (HO
)
("C:/Program Files/MiKTeX/tex/generic/infwarerr/infwarerr.sty"
Package: infwarerr 2019/12/03 v1.5 Providing info/warning/error messages (HO)
)
("C:/Program Files/MiKTeX/tex/generic/iftex/iftex.sty"
Package: iftex 2022/02/03 v1.0f TeX engine tests
)
("C:/Program Files/MiKTeX/tex/generic/ltxcmds/ltxcmds.sty"
Package: ltxcmds 2023-12-04 v1.26 LaTeX kernel commands for general use (HO)
)
Package pdftexcmds Info: \pdf@primitive is available.
Package pdftexcmds Info: \pdf@ifprimitive is available.
Package pdftexcmds Info: \pdfdraftmode found.
\pdftexcmds@toks=\toks30
)
("C:/Program Files/MiKTeX/tex/latex/base/atveryend-ltx.sty"
Package: atveryend-ltx 2020/08/19 v1.0a Emulation of the original atveryend pac
kage
with kernel methods
)
("C:/Program Files/MiKTeX/tex/generic/pgf/frontendlayer/tikz/libraries/tikzexte
rnalshared.code.tex"))
\openout3 = document.auxlock

("C:/Program Files/MiKTeX/tex/latex/circuitikz/circuitikz.sty"
Package: circuitikz 2024/08/03{} The CircuiTikz circuit drawing package version
 1.7.0

("C:/Program Files/MiKTeX/tex/generic/pgf/frontendlayer/tikz/libraries/tikzlibr
arycalc.code.tex"
File: tikzlibrarycalc.code.tex 2023-01-15 v3.1.10 (3.1.10)
)
("C:/Program Files/MiKTeX/tex/generic/pgf/libraries/pgflibraryarrows.meta.code.
tex"
File: pgflibraryarrows.meta.code.tex 2023-01-15 v3.1.10 (3.1.10)
\pgfarrowinset=\dimen192
\pgfarrowlength=\dimen193
\pgfarrowwidth=\dimen194
\pgfarrowlinewidth=\dimen195
)
("C:/Program Files/MiKTeX/tex/generic/pgf/frontendlayer/tikz/libraries/tikzlibr
arybending.code.tex"
File: tikzlibrarybending.code.tex 2023-01-15 v3.1.10 (3.1.10)

("C:/Program Files/MiKTeX/tex/generic/pgf/modules/pgfmodulebending.code.tex"
File: pgfmodulebending.code.tex 2023-01-15 v3.1.10 (3.1.10)

("C:/Program Files/MiKTeX/tex/generic/pgf/modules/pgfmodulenonlineartransformat
ions.code.tex"
File: pgfmodulenonlineartransformations.code.tex 2023-01-15 v3.1.10 (3.1.10)
\pgftransformnonlinearflatness=\dimen196
)
("C:/Program Files/MiKTeX/tex/generic/pgf/libraries/pgflibrarycurvilinear.code.
tex"
File: pgflibrarycurvilinear.code.tex 2023-01-15 v3.1.10 (3.1.10)
\pgf@curvilinear@time@a=\dimen197
\pgf@curvilinear@length@a=\dimen198
\pgf@curvilinear@length@b=\dimen199
\pgf@curvilinear@length@c=\dimen256
\pgf@curvilinear@length@d=\dimen257
)
\pgf@arrows@the@rigidity=\dimen258
))
("C:/Program Files/MiKTeX/tex/generic/pgf/frontendlayer/tikz/libraries/tikzlibr
aryfpu.code.tex"
("C:/Program Files/MiKTeX/tex/generic/pgf/libraries/pgflibraryfpu.code.tex"))
("C:/Program Files/MiKTeX/tex/generic/circuitikz/pgfcirc.defines.tex"
\pgf@circ@count@a=\count280
\pgf@circ@count@b=\count281
\pgf@circ@count@c=\count282
\pgf@circ@res@up=\dimen259
\pgf@circ@res@down=\dimen260
\pgf@circ@res@zero=\dimen261
\pgf@circ@res@left=\dimen262
\pgf@circ@res@right=\dimen263
\pgf@circ@res@other=\dimen264
\pgf@circ@res@step=\dimen265
\pgf@circ@res@temp=\dimen266
\pgf@circ@Rlen=\dimen267
\pgf@circ@scaled@Rlen=\dimen268
\pgfstartlinewidth=\dimen269
)
("C:/Program Files/MiKTeX/tex/generic/circuitikz/pgfcircutils.tex"
\ctikz@scratchbox=\box62
)
("C:/Program Files/MiKTeX/tex/generic/circuitikz/pgfcircpath.tex")
("C:/Program Files/MiKTeX/tex/generic/circuitikz/pgfcircshapes.tex")
("C:/Program Files/MiKTeX/tex/generic/circuitikz/pgfcircmonopoles.tex")
("C:/Program Files/MiKTeX/tex/generic/circuitikz/pgfcircbipoles.tex")
("C:/Program Files/MiKTeX/tex/generic/circuitikz/pgfcirctripoles.tex"
\pgf@circ@res@count=\count283
)
("C:/Program Files/MiKTeX/tex/generic/circuitikz/pgfcircquadpoles.tex")
("C:/Program Files/MiKTeX/tex/generic/circuitikz/pgfcircmultipoles.tex")
("C:/Program Files/MiKTeX/tex/generic/circuitikz/pgfcirclabel.tex")
("C:/Program Files/MiKTeX/tex/generic/circuitikz/pgfcircvoltage.tex"
\pgfcirc@labelshift=\dimen270
)
("C:/Program Files/MiKTeX/tex/generic/circuitikz/pgfcirccurrent.tex")
("C:/Program Files/MiKTeX/tex/generic/circuitikz/pgfcircflow.tex"))
("C:/Program Files/MiKTeX/tex/latex/pgfplots/pgfplots.sty"
("C:/Program Files/MiKTeX/tex/generic/pgfplots/pgfplots.revision.tex")
Package: pgfplots 2021/05/15 v1.18.1 Data Visualization (1.18.1)

("C:/Program Files/MiKTeX/tex/generic/pgfplots/pgfplots.code.tex"
("C:/Program Files/MiKTeX/tex/generic/pgfplots/pgfplotscore.code.tex"
Package pgfplots info on input line 124: Initializing with LUA version Lua 5.3
\pgfplots@luabackend@table=\catcodetable14
\t@pgfplots@toka=\toks31
\t@pgfplots@tokb=\toks32
\t@pgfplots@tokc=\toks33
\pgfplots@tmpa=\dimen271
\c@pgfplots@coordindex=\count284
\c@pgfplots@scanlineindex=\count285

("C:/Program Files/MiKTeX/tex/generic/pgfplots/sys/pgfplotssysgeneric.code.tex"
)) ("C:/Program Files/MiKTeX/tex/generic/pgfplots/libs/pgfplotslibrary.code.tex
")
("C:/Program Files/MiKTeX/tex/generic/pgfplots/oldpgfcompatib/pgfplotsoldpgfsup
p_loader.code.tex"
Package pgfplots: loading complementary utilities for your pgf version...
\t@pgf@toka=\toks34
\t@pgf@tokb=\toks35
\t@pgf@tokc=\toks36

("C:/Program Files/MiKTeX/tex/generic/pgfplots/oldpgfcompatib/pgfplotsoldpgfsup
p_pgfutil-common-lists.tex")
("C:/Program Files/MiKTeX/tex/generic/pgf/libraries/luamath/pgflibraryluamath.c
ode.tex")
Package pgfplots info on input line 290: luamath library shipped with pgf 3.1.1
0 is up-to-date
)
("C:/Program Files/MiKTeX/tex/generic/pgfplots/util/pgfplotsutil.code.tex"
Package pgfplots info on input line 82: Found new luatex: initializing lua comm
ands instead of write18 (shell-escape)

("C:/Program Files/MiKTeX/tex/generic/pgfplots/liststructure/pgfplotsliststruct
ure.code.tex")
("C:/Program Files/MiKTeX/tex/generic/pgfplots/liststructure/pgfplotsliststruct
ureext.code.tex")
("C:/Program Files/MiKTeX/tex/generic/pgfplots/liststructure/pgfplotsarray.code
.tex"
\c@pgfplotsarray@tmp=\count286
)
("C:/Program Files/MiKTeX/tex/generic/pgfplots/liststructure/pgfplotsmatrix.cod
e.tex")
("C:/Program Files/MiKTeX/tex/generic/pgfplots/numtable/pgfplotstableshared.cod
e.tex"
\c@pgfplotstable@counta=\count287
\t@pgfplotstable@a=\toks37
)
("C:/Program Files/MiKTeX/tex/generic/pgfplots/liststructure/pgfplotsdeque.code
.tex")
("C:/Program Files/MiKTeX/tex/generic/pgfplots/util/pgfplotsbinary.code.tex"
("C:/Program Files/MiKTeX/tex/generic/pgfplots/util/pgfplotsbinary.data.code.te
x"))
("C:/Program Files/MiKTeX/tex/generic/pgfplots/util/pgfplotsutil.verb.code.tex"
)
("C:/Program Files/MiKTeX/tex/generic/pgfplots/libs/pgflibrarypgfplots.surfshad
ing.code.tex"
\c@pgfplotslibrarysurf@no=\count288

("C:/Program Files/MiKTeX/tex/generic/pgfplots/sys/pgflibrarypgfplots.surfshadi
ng.pgfsys-luatex.def")))
("C:/Program Files/MiKTeX/tex/generic/pgfplots/util/pgfplotscolormap.code.tex"
("C:/Program Files/MiKTeX/tex/generic/pgfplots/util/pgfplotscolor.code.tex"))
("C:/Program Files/MiKTeX/tex/generic/pgfplots/pgfplotsstackedplots.code.tex")
("C:/Program Files/MiKTeX/tex/generic/pgfplots/pgfplotsplothandlers.code.tex"
("C:/Program Files/MiKTeX/tex/generic/pgfplots/pgfplotsmeshplothandler.code.tex
" ("C:/Program Files/MiKTeX/tex/generic/pgfplots/pgfplotsmeshplotimage.code.tex
"))) ("C:/Program Files/MiKTeX/tex/generic/pgfplots/pgfplots.scaling.code.tex") ("C:/Program Files/MiKTeX/tex/generic/pgfplots/pgfplotscoordprocessing.code.tex") ("C:/Program Files/MiKTeX/tex/generic/pgfplots/pgfplots.errorbars.code.tex") ("C:/Program Files/MiKTeX/tex/generic/pgfplots/pgfplots.markers.code.tex")
("C:/Program Files/MiKTeX/tex/generic/pgfplots/pgfplotsticks.code.tex")
("C:/Program Files/MiKTeX/tex/generic/pgfplots/pgfplots.paths.code.tex")
("C:/Program Files/MiKTeX/tex/generic/pgf/frontendlayer/tikz/libraries/tikzlibr
arydecorations.code.tex"
("C:/Program Files/MiKTeX/tex/generic/pgf/modules/pgfmoduledecorations.code.tex
"
\pgfdecoratedcompleteddistance=\dimen272
\pgfdecoratedremainingdistance=\dimen273
\pgfdecoratedinputsegmentcompleteddistance=\dimen274
\pgfdecoratedinputsegmentremainingdistance=\dimen275
\pgf@decorate@distancetomove=\dimen276
\pgf@decorate@repeatstate=\count289
\pgfdecorationsegmentamplitude=\dimen277
\pgfdecorationsegmentlength=\dimen278
)
\tikz@lib@dec@box=\box63
)
("C:/Program Files/MiKTeX/tex/generic/pgf/frontendlayer/tikz/libraries/tikzlibr
arydecorations.pathmorphing.code.tex"
("C:/Program Files/MiKTeX/tex/generic/pgf/libraries/decorations/pgflibrarydecor
ations.pathmorphing.code.tex"))
("C:/Program Files/MiKTeX/tex/generic/pgf/frontendlayer/tikz/libraries/tikzlibr
arydecorations.pathreplacing.code.tex"
("C:/Program Files/MiKTeX/tex/generic/pgf/libraries/decorations/pgflibrarydecor
ations.pathreplacing.code.tex"))
("C:/Program Files/MiKTeX/tex/generic/pgfplots/libs/tikzlibrarypgfplots.contour
lua.code.tex")
\pgfplots@numplots=\count290
\pgfplots@xmin@reg=\dimen279
\pgfplots@xmax@reg=\dimen280
\pgfplots@ymin@reg=\dimen281
\pgfplots@ymax@reg=\dimen282
\pgfplots@zmin@reg=\dimen283
\pgfplots@zmax@reg=\dimen284
)
("C:/Program Files/MiKTeX/tex/generic/pgf/frontendlayer/tikz/libraries/tikzlibr
aryplotmarks.code.tex"
File: tikzlibraryplotmarks.code.tex 2023-01-15 v3.1.10 (3.1.10)

("C:/Program Files/MiKTeX/tex/generic/pgf/libraries/pgflibraryplotmarks.code.te
x"
File: pgflibraryplotmarks.code.tex 2023-01-15 v3.1.10 (3.1.10)
))) ("C:/Program Files/MiKTeX/tex/latex/darkmode/darkmode.sty"
("C:/Program Files/MiKTeX/tex/latex/l3kernel/expl3.sty"
Package: expl3 2024-01-04 L3 programming layer (loader) 

("C:/Program Files/MiKTeX/tex/latex/l3backend/l3backend-luatex.def"
File: l3backend-luatex.def 2024-01-04 L3 backend support: PDF output (LuaTeX)
\l__color_backend_stack_int=\count291
Inserting `l3color' in `luaotfload.parse_color'.
\l__pdf_internal_box=\box64
))
("C:/Program Files/MiKTeX/tex/latex/l3packages/l3keys2e/l3keys2e.sty"
Package: l3keys2e 2023-10-10 LaTeX2e option processing using LaTeX3 keys
)
Package: darkmode 2022-09-01 v1.0.1 Provide general dark mode support for any L
aTeX document.

("C:/Program Files/MiKTeX/tex/latex/pagecolor/pagecolor.sty"
Package: pagecolor 2023-04-18 v1.2c Provides thepagecolor (HMM)

("C:/Program Files/MiKTeX/tex/latex/kvoptions/kvoptions.sty"
Package: kvoptions 2022-06-15 v3.15 Key value format for package options (HO)

("C:/Program Files/MiKTeX/tex/latex/kvsetkeys/kvsetkeys.sty"
Package: kvsetkeys 2022-10-05 v1.19 Key value parser (HO)
))))
("C:/Program Files/MiKTeX/tex/latex/caption/caption.sty"
Package: caption 2023/08/05 v3.6o Customizing captions (AR)

("C:/Program Files/MiKTeX/tex/latex/caption/caption3.sty"
Package: caption3 2023/07/31 v2.4d caption3 kernel (AR)
\caption@tempdima=\dimen285
\captionmargin=\dimen286
\caption@leftmargin=\dimen287
\caption@rightmargin=\dimen288
\caption@width=\dimen289
\caption@indent=\dimen290
\caption@parindent=\dimen291
\caption@hangindent=\dimen292
Package caption Info: Standard document class detected.
)
\c@caption@flags=\count292
\c@continuedfloat=\count293
)
("C:/Program Files/MiKTeX/tex/latex/caption/subcaption.sty"
Package: subcaption 2023/07/28 v1.6b Sub-captions (AR)
Package caption Info: New subtype `subfigure' on input line 238.
\c@subfigure=\count294
Package caption Info: New subtype `subtable' on input line 238.
\c@subtable=\count295
)
("C:/Program Files/MiKTeX/tex/latex/siunitx/siunitx.sty"
Package: siunitx 2024-08-20 v3.3.21 A comprehensive (SI) units package
\l__siunitx_number_uncert_offset_int=\count296
\l__siunitx_number_exponent_fixed_int=\count297
\l__siunitx_number_min_decimal_int=\count298
\l__siunitx_number_min_integer_int=\count299
\l__siunitx_number_round_precision_int=\count300
\l__siunitx_number_lower_threshold_int=\count301
\l__siunitx_number_upper_threshold_int=\count302
\l__siunitx_number_group_first_int=\count303
\l__siunitx_number_group_size_int=\count304
\l__siunitx_number_group_minimum_int=\count305
\l__siunitx_angle_tmp_dim=\dimen293
\l__siunitx_angle_marker_box=\box65
\l__siunitx_angle_unit_box=\box66
\l__siunitx_compound_count_int=\count306

("C:/Program Files/MiKTeX/tex/latex/translations/translations.sty"
Package: translations 2022/02/05 v1.12 internationalization of LaTeX2e packages
 (CN)

("C:/Program Files/MiKTeX/tex/latex/etoolbox/etoolbox.sty"
Package: etoolbox 2020/10/05 v2.5k e-TeX tools for LaTeX (JAW)
\etb@tempcnta=\count307
))
("C:/Program Files/MiKTeX/tex/latex/amsmath/amstext.sty"
Package: amstext 2021/08/26 v2.01 AMS text

("C:/Program Files/MiKTeX/tex/latex/amsmath/amsgen.sty"
File: amsgen.sty 1999/11/30 v2.0 generic functions
\@emptytoks=\toks38
\ex@=\dimen294
))
\l__siunitx_table_tmp_box=\box67
\l__siunitx_table_tmp_dim=\dimen295
\l__siunitx_table_column_width_dim=\dimen296
\l__siunitx_table_integer_box=\box68
\l__siunitx_table_decimal_box=\box69
\l__siunitx_table_uncert_box=\box70
\l__siunitx_table_before_box=\box71
\l__siunitx_table_after_box=\box72
\l__siunitx_table_before_dim=\dimen297
\l__siunitx_table_carry_dim=\dimen298
\l__siunitx_unit_tmp_int=\count308
\l__siunitx_unit_position_int=\count309
\l__siunitx_unit_total_int=\count310

("C:/Program Files/MiKTeX/tex/latex/tools/array.sty"
Package: array 2023/10/16 v2.5g Tabular extension package (FMi)
\col@sep=\dimen299
\ar@mcellbox=\box73
\extrarowheight=\dimen300
\NC@list=\toks39
\extratabsurround=\skip50
\backup@length=\skip51
\ar@cellbox=\box74
))
("C:/Program Files/MiKTeX/tex/latex/booktabs/booktabs.sty"
Package: booktabs 2020/01/12 v1.61803398 Publication quality tables
\heavyrulewidth=\dimen301
\lightrulewidth=\dimen302
\cmidrulewidth=\dimen303
\belowrulesep=\dimen304
\belowbottomsep=\dimen305
\aboverulesep=\dimen306
\abovetopsep=\dimen307
\cmidrulesep=\dimen308
\cmidrulekern=\dimen309
\defaultaddspace=\dimen310
\@cmidla=\count311
\@cmidlb=\count312
\@aboverulesep=\dimen311
\@belowrulesep=\dimen312
\@thisruleclass=\count313
\@lastruleclass=\count314
\@thisrulewidth=\dimen313
)
("C:/Program Files/MiKTeX/tex/latex/parskip/parskip.sty"
Package: parskip 2021-03-14 v2.0h non-zero parskip adjustments
)
("C:/Program Files/MiKTeX/tex/latex/fontspec/fontspec.sty"
("C:/Program Files/MiKTeX/tex/latex/l3packages/xparse/xparse.sty"
Package: xparse 2023-10-10 L3 Experimental document command parser
)
Package: fontspec 2022/01/15 v2.8a Font selection for XeLaTeX and LuaLaTeX
Lua module: fontspec 2022/01/15 2.8a Font selection for XeLaTeX and LuaLaTeX
("C:/Program Files/MiKTeX/tex/latex/fontspec/fontspec-luatex.sty"
Package: fontspec-luatex 2022/01/15 v2.8a Font selection for XeLaTeX and LuaLaT
eX
\l__fontspec_script_int=\count315
\l__fontspec_language_int=\count316
\l__fontspec_strnum_int=\count317
\l__fontspec_tmp_int=\count318
\l__fontspec_tmpa_int=\count319
\l__fontspec_tmpb_int=\count320
\l__fontspec_tmpc_int=\count321
\l__fontspec_em_int=\count322
\l__fontspec_emdef_int=\count323
\l__fontspec_strong_int=\count324
\l__fontspec_strongdef_int=\count325
\l__fontspec_tmpa_dim=\dimen314
\l__fontspec_tmpb_dim=\dimen315
\l__fontspec_tmpc_dim=\dimen316

("C:/Program Files/MiKTeX/tex/latex/base/fontenc.sty"
Package: fontenc 2021/04/29 v2.0v Standard LaTeX package
)
("C:/Program Files/MiKTeX/tex/latex/fontspec/fontspec.cfg")))
("C:/Program Files/MiKTeX/tex/latex/minted/minted.sty"
Package: minted 2023/12/18 v2.9 Yet another Pygments shim for LaTeX

("C:/Program Files/MiKTeX/tex/latex/fvextra/fvextra.sty"
Package: fvextra 2024/09/14 v1.8.0 fvextra - extensions and patches for fancyvr
b

("C:/Program Files/MiKTeX/tex/latex/fancyvrb/fancyvrb.sty"
Package: fancyvrb 2024/01/20 4.5c verbatim text (tvz,hv)
\FV@CodeLineNo=\count326
\FV@InFile=\read3
\FV@TabBox=\box75
\c@FancyVerbLine=\count327
\FV@StepNumber=\count328
\FV@OutFile=\write4
)
("C:/Program Files/MiKTeX/tex/latex/upquote/upquote.sty"
Package: upquote 2012/04/19 v1.3 upright-quote and grave-accent glyphs in verba
tim

("C:/Program Files/MiKTeX/tex/latex/base/textcomp.sty"
Package: textcomp 2020/02/02 v2.0n Standard LaTeX package
))
("C:/Program Files/MiKTeX/tex/latex/lineno/lineno.sty"
Package: lineno 2023/05/20 line numbers on paragraphs v5.3
\linenopenalty=\count329
\output=\toks40
\linenoprevgraf=\count330
\linenumbersep=\dimen317
\linenumberwidth=\dimen318
\c@linenumber=\count331
\c@pagewiselinenumber=\count332
\c@LN@truepage=\count333
\c@internallinenumber=\count334
\c@internallinenumbers=\count335
\quotelinenumbersep=\dimen319
\bframerule=\dimen320
\bframesep=\dimen321
\bframebox=\box76
LaTeX Info: Redefining \\ on input line 3180.
)
\c@FancyVerbWriteLine=\count336
\c@FancyVerbBufferIndex=\count337
\c@FancyVerbBufferLength=\count338
\c@FancyVerbBufferLine=\count339
\c@FV@oldbufferlength=\count340
\c@FV@TrueTabGroupLevel=\count341
\c@FV@TrueTabCounter=\count342
\FV@TabBox@Group=\box77
\FV@TmpLength=\skip52
\c@FV@HighlightLinesStart=\count343
\c@FV@HighlightLinesStop=\count344
\FV@LoopCount=\count345
\FV@NCharsBox=\box78
\FV@BreakIndent=\dimen322
\FV@BreakIndentNChars=\count346
\FV@BreakSymbolSepLeft=\dimen323
\FV@BreakSymbolSepLeftNChars=\count347
\FV@BreakSymbolSepRight=\dimen324
\FV@BreakSymbolSepRightNChars=\count348
\FV@BreakSymbolIndentLeft=\dimen325
\FV@BreakSymbolIndentLeftNChars=\count349
\FV@BreakSymbolIndentRight=\dimen326
\FV@BreakSymbolIndentRightNChars=\count350
\c@FancyVerbLineBreakLast=\count351
\FV@LineBox=\box79
\FV@LineIndentBox=\box80
\c@FV@BreakBufferDepth=\count352
\FV@LineWidth=\dimen327
)
("C:/Program Files/MiKTeX/tex/latex/base/ifthen.sty"
Package: ifthen 2022/04/13 v1.1d Standard LaTeX ifthen package (DPC)
)
("C:/Program Files/MiKTeX/tex/latex/tools/shellesc.sty"
Package: shellesc 2023/07/08 v1.0d unified shell escape interface for LaTeX
Package shellesc Info: Unrestricted shell escape enabled on input line 75.
)
("C:/Program Files/MiKTeX/tex/latex/ifplatform/ifplatform.sty"
Package: ifplatform 2017/10/13 v0.4a Testing for the operating system

("C:/Program Files/MiKTeX/tex/generic/catchfile/catchfile.sty"
Package: catchfile 2019/12/09 v1.8 Catch the contents of a file (HO)

("C:/Program Files/MiKTeX/tex/generic/etexcmds/etexcmds.sty"
Package: etexcmds 2019/12/15 v1.7 Avoid name clashes with e-TeX commands (HO)
))
("C:/Program Files/MiKTeX/tex/generic/iftex/ifluatex.sty"
Package: ifluatex 2019/10/25 v1.5 ifluatex legacy package. Use iftex instead.
))
("C:/Program Files/MiKTeX/tex/latex/xstring/xstring.sty"
("C:/Program Files/MiKTeX/tex/generic/xstring/xstring.tex"
\xs_counta=\count353
\xs_countb=\count354
)
Package: xstring 2023/08/22 v1.86 String manipulations (CT)
)
("C:/Program Files/MiKTeX/tex/latex/framed/framed.sty"
Package: framed 2011/10/22 v 0.96: framed or shaded text with page breaks
\OuterFrameSep=\skip53
\fb@frw=\dimen328
\fb@frh=\dimen329
\FrameRule=\dimen330
\FrameSep=\dimen331
)
("C:/Program Files/MiKTeX/tex/latex/newfloat/newfloat.sty"
Package: newfloat 2023/10/01 v1.2 Defining new floating environments (AR)
)
\minted@appexistsfile=\read4
\minted@bgbox=\box81
\minted@code=\write5
\c@minted@FancyVerbLineTemp=\count355
\c@minted@pygmentizecounter=\count356
Package newfloat Info: New float `listing' with options `fileext=lol,placement=
tbp' on input line 1221.
\c@listing=\count357
\newfloat@ftype=\count358
Package newfloat Info: float type `listing'=8 on input line 1221.
Package caption Info: New subtype `sublisting' on input line 1221.
\c@sublisting=\count359
)
runsystem(if not exist _minted-document mkdir _minted-document)...executed.

("C:/Program Files/MiKTeX/tex/latex/listings/listings.sty"
\lst@mode=\count360
\lst@gtempboxa=\box82
\lst@token=\toks41
\lst@length=\count361
\lst@currlwidth=\dimen332
\lst@column=\count362
\lst@pos=\count363
\lst@lostspace=\dimen333
\lst@width=\dimen334
\lst@newlines=\count364
\lst@lineno=\count365
\lst@maxwidth=\dimen335

("C:/Program Files/MiKTeX/tex/latex/listings/lstmisc.sty"
File: lstmisc.sty 2023/02/27 1.9 (Carsten Heinz)
\c@lstnumber=\count366
\lst@skipnumbers=\count367
\lst@framebox=\box83
)
("C:/Program Files/MiKTeX/tex/latex/listings/listings.cfg"
File: listings.cfg 2023/02/27 1.9 listings configuration
))
Package: listings 2023/02/27 1.9 (Carsten Heinz)
luaotfload | cache : Lookup cache loaded from C:/Users/LordKuro4Life/AppData/Loc
al/MiKTeX/luatex-cache/generic/names/luaotfload-lookup-cache.luc.

Package fontspec Info: Could not resolve font "CaskaydiaCoveNerdFont/BI" (it
(fontspec)             probably doesn't exist).


Package fontspec Info: Could not resolve font "CaskaydiaCoveNerdFont/B" (it
(fontspec)             probably doesn't exist).


Package fontspec Info: Could not resolve font "CaskaydiaCoveNerdFont/I" (it
(fontspec)             probably doesn't exist).

luaotfload | aux : font no 20 (nil) does not define feature smcp for script latn
 with language dflt

Package fontspec Info: Font family 'CaskaydiaCoveNerdFont(0)' created for font
(fontspec)             'CaskaydiaCove Nerd Font' with options
(fontspec)             [WordSpace={1,0,0},HyphenChar=None,PunctuationSpace=Word
Space].
(fontspec)              
(fontspec)              This font family consists of the following NFSS
(fontspec)             series/shapes:
(fontspec)              
(fontspec)             - 'normal' (m/n) with NFSS spec.:
(fontspec)             <->"CaskaydiaCoveNerdFont:mode=node;script=latn;language
=dflt;"
(fontspec)             - 'small caps'  (m/sc) with NFSS spec.: 
(fontspec)             and font adjustment code:
(fontspec)             \fontdimen 2\font =1\fontdimen 2\font \fontdimen 3\font
(fontspec)             =0\fontdimen 3\font \fontdimen 4\font =0\fontdimen
(fontspec)             4\font \fontdimen 7\font =0\fontdimen 2\font
(fontspec)             \tex_hyphenchar:D \font =-1\scan_stop: 


("C:/Program Files/MiKTeX/tex/latex/amsmath/amsmath.sty"
Package: amsmath 2023/05/13 v2.17o AMS math features
\@mathmargin=\skip54

For additional information on amsmath, use the `?' option.
("C:/Program Files/MiKTeX/tex/latex/amsmath/amsbsy.sty"
Package: amsbsy 1999/11/29 v1.2d Bold Symbols
\pmbraise@=\dimen336
)
("C:/Program Files/MiKTeX/tex/latex/amsmath/amsopn.sty"
Package: amsopn 2022/04/08 v2.04 operator names
)
\inf@bad=\count368
LaTeX Info: Redefining \frac on input line 236.
\uproot@=\count369
\leftroot@=\count370
LaTeX Info: Redefining \overline on input line 399.
LaTeX Info: Redefining \colon on input line 410.
\classnum@=\count371
\DOTSCASE@=\count372
LaTeX Info: Redefining \ldots on input line 496.
LaTeX Info: Redefining \dots on input line 499.
LaTeX Info: Redefining \cdots on input line 620.
\Mathstrutbox@=\box84
\strutbox@=\box85
LaTeX Info: Redefining \big on input line 722.
LaTeX Info: Redefining \Big on input line 723.
LaTeX Info: Redefining \bigg on input line 724.
LaTeX Info: Redefining \Bigg on input line 725.
\big@size=\dimen337
LaTeX Font Info:    Redeclaring font encoding OML on input line 743.
LaTeX Font Info:    Redeclaring font encoding OMS on input line 744.
\macc@depth=\count373
LaTeX Info: Redefining \bmod on input line 905.
LaTeX Info: Redefining \pmod on input line 910.
LaTeX Info: Redefining \smash on input line 940.
LaTeX Info: Redefining \relbar on input line 970.
LaTeX Info: Redefining \Relbar on input line 971.
\c@MaxMatrixCols=\count374
\dotsspace@=\muskip16
\c@parentequation=\count375
\dspbrk@lvl=\count376
\tag@help=\toks42
\row@=\count377
\column@=\count378
\maxfields@=\count379
\andhelp@=\toks43
\eqnshift@=\dimen338
\alignsep@=\dimen339
\tagshift@=\dimen340
\tagwidth@=\dimen341
\totwidth@=\dimen342
\lineht@=\dimen343
\@envbody=\toks44
\multlinegap=\skip55
\multlinetaggap=\skip56
\mathdisplay@stack=\toks45
LaTeX Info: Redefining \[ on input line 2953.
LaTeX Info: Redefining \] on input line 2954.
)
\linenoamsmath@ams@eqpen=\count380

("C:/Program Files/MiKTeX/tex/latex/lipsum/lipsum.sty"
Package: lipsum 2021-09-20 v2.7 150 paragraphs of Lorem Ipsum dummy text
\g__lipsum_par_int=\count381
\l__lipsum_a_int=\count382
\l__lipsum_b_int=\count383

("C:/Program Files/MiKTeX/tex/latex/lipsum/lipsum.ltd.tex"))
("C:/Program Files/MiKTeX/tex/latex/biblatex/biblatex.sty"
Package: biblatex 2023/03/05 v3.19 programmable bibliographies (PK/MW)

("C:/Program Files/MiKTeX/tex/latex/logreq/logreq.sty"
Package: logreq 2010/08/04 v1.0 xml request logger
\lrq@indent=\count384

("C:/Program Files/MiKTeX/tex/latex/logreq/logreq.def"
File: logreq.def 2010/08/04 v1.0 logreq spec v1.0
))
("C:/Program Files/MiKTeX/tex/latex/url/url.sty"
\Urlmuskip=\muskip17
Package: url 2013/09/16  ver 3.4  Verb mode for urls, etc.
)
\c@tabx@nest=\count385
\c@listtotal=\count386
\c@listcount=\count387
\c@liststart=\count388
\c@liststop=\count389
\c@citecount=\count390
\c@citetotal=\count391
\c@multicitecount=\count392
\c@multicitetotal=\count393
\c@instcount=\count394
\c@maxnames=\count395
\c@minnames=\count396
\c@maxitems=\count397
\c@minitems=\count398
\c@citecounter=\count399
\c@maxcitecounter=\count400
\c@savedcitecounter=\count401
\c@uniquelist=\count402
\c@uniquename=\count403
\c@refsection=\count404
\c@refsegment=\count405
\c@maxextratitle=\count406
\c@maxextratitleyear=\count407
\c@maxextraname=\count408
\c@maxextradate=\count409
\c@maxextraalpha=\count410
\c@abbrvpenalty=\count411
\c@highnamepenalty=\count412
\c@lownamepenalty=\count413
\c@maxparens=\count414
\c@parenlevel=\count415
\blx@tempcnta=\count416
\blx@tempcntb=\count417
\blx@tempcntc=\count418
\c@blx@maxsection=\count419
\blx@maxsegment@0=\count420
\blx@notetype=\count421
\blx@parenlevel@text=\count422
\blx@parenlevel@foot=\count423
\blx@sectionciteorder@0=\count424
\blx@sectionciteorderinternal@0=\count425
\blx@entrysetcounter=\count426
\blx@biblioinstance=\count427
\labelnumberwidth=\skip57
\labelalphawidth=\skip58
\biblabelsep=\skip59
\bibitemsep=\skip60
\bibnamesep=\skip61
\bibinitsep=\skip62
\bibparsep=\skip63
\bibhang=\skip64
\blx@bcfin=\read5
\blx@bcfout=\write6
\blx@langwohyphens=\language2
\c@mincomprange=\count428
\c@maxcomprange=\count429
\c@mincompwidth=\count430
Package biblatex Info: Trying to load biblatex default data model...
Package biblatex Info: ... file 'blx-dm.def' found.

("C:/Program Files/MiKTeX/tex/latex/biblatex/blx-dm.def"
File: blx-dm.def 2023/03/05 v3.19 biblatex localization (PK/MW)
)
Package biblatex Info: Trying to load biblatex style data model...
Package biblatex Info: ... file 'numeric.dbx' not found.
Package biblatex Info: Trying to load biblatex custom data model...
Package biblatex Info: ... file 'biblatex-dm.cfg' not found.
\c@afterword=\count431
\c@savedafterword=\count432
\c@annotator=\count433
\c@savedannotator=\count434
\c@author=\count435
\c@savedauthor=\count436
\c@bookauthor=\count437
\c@savedbookauthor=\count438
\c@commentator=\count439
\c@savedcommentator=\count440
\c@editor=\count441
\c@savededitor=\count442
\c@editora=\count443
\c@savededitora=\count444
\c@editorb=\count445
\c@savededitorb=\count446
\c@editorc=\count447
\c@savededitorc=\count448
\c@foreword=\count449
\c@savedforeword=\count450
\c@holder=\count451
\c@savedholder=\count452
\c@introduction=\count453
\c@savedintroduction=\count454
\c@namea=\count455
\c@savednamea=\count456
\c@nameb=\count457
\c@savednameb=\count458
\c@namec=\count459
\c@savednamec=\count460
\c@translator=\count461
\c@savedtranslator=\count462
\c@shortauthor=\count463
\c@savedshortauthor=\count464
\c@shorteditor=\count465
\c@savedshorteditor=\count466
\c@labelname=\count467
\c@savedlabelname=\count468
\c@institution=\count469
\c@savedinstitution=\count470
\c@lista=\count471
\c@savedlista=\count472
\c@listb=\count473
\c@savedlistb=\count474
\c@listc=\count475
\c@savedlistc=\count476
\c@listd=\count477
\c@savedlistd=\count478
\c@liste=\count479
\c@savedliste=\count480
\c@listf=\count481
\c@savedlistf=\count482
\c@location=\count483
\c@savedlocation=\count484
\c@organization=\count485
\c@savedorganization=\count486
\c@origlocation=\count487
\c@savedoriglocation=\count488
\c@origpublisher=\count489
\c@savedorigpublisher=\count490
\c@publisher=\count491
\c@savedpublisher=\count492
\c@language=\count493
\c@savedlanguage=\count494
\c@origlanguage=\count495
\c@savedoriglanguage=\count496
\c@pageref=\count497
\c@savedpageref=\count498
\shorthandwidth=\skip65
\shortjournalwidth=\skip66
\shortserieswidth=\skip67
\shorttitlewidth=\skip68
\shortauthorwidth=\skip69
\shorteditorwidth=\skip70
\locallabelnumberwidth=\skip71
\locallabelalphawidth=\skip72
\localshorthandwidth=\skip73
\localshortjournalwidth=\skip74
\localshortserieswidth=\skip75
\localshorttitlewidth=\skip76
\localshortauthorwidth=\skip77
\localshorteditorwidth=\skip78
Package biblatex Info: Trying to load enhanced support for Unicode engines...
Package biblatex Info: ... file 'blx-unicode.def' found.

("C:/Program Files/MiKTeX/tex/latex/biblatex/blx-unicode.def")
Package biblatex Info: Trying to load compatibility code...
Package biblatex Info: ... file 'blx-compat.def' found.

("C:/Program Files/MiKTeX/tex/latex/biblatex/blx-compat.def"
File: blx-compat.def 2023/03/05 v3.19 biblatex compatibility (PK/MW)
)
Package biblatex Info: Trying to load generic definitions...
Package biblatex Info: ... file 'biblatex.def' found.

("C:/Program Files/MiKTeX/tex/latex/biblatex/biblatex.def"
File: biblatex.def 2023/03/05 v3.19 biblatex compatibility (PK/MW)
\c@textcitecount=\count499
\c@textcitetotal=\count500
\c@textcitemaxnames=\count501
\c@biburlbigbreakpenalty=\count502
\c@biburlbreakpenalty=\count503
\c@biburlnumpenalty=\count504
\c@biburlucpenalty=\count505
\c@biburllcpenalty=\count506
\biburlbigskip=\muskip18
\biburlnumskip=\muskip19
\biburlucskip=\muskip20
\biburllcskip=\muskip21
\c@smartand=\count507
)
Package biblatex Info: Trying to load bibliography style 'numeric'...
Package biblatex Info: ... file 'numeric.bbx' found.

("C:/Program Files/MiKTeX/tex/latex/biblatex/bbx/numeric.bbx"
File: numeric.bbx 2023/03/05 v3.19 biblatex bibliography style (PK/MW)
Package biblatex Info: Trying to load bibliography style 'standard'...
Package biblatex Info: ... file 'standard.bbx' found.

("C:/Program Files/MiKTeX/tex/latex/biblatex/bbx/standard.bbx"
File: standard.bbx 2023/03/05 v3.19 biblatex bibliography style (PK/MW)
\c@bbx:relatedcount=\count508
\c@bbx:relatedtotal=\count509
))
Package biblatex Info: Trying to load citation style 'numeric'...
Package biblatex Info: ... file 'numeric.cbx' found.

("C:/Program Files/MiKTeX/tex/latex/biblatex/cbx/numeric.cbx"
File: numeric.cbx 2023/03/05 v3.19 biblatex citation style (PK/MW)
Package biblatex Info: Redefining '\cite'.
Package biblatex Info: Redefining '\parencite'.
Package biblatex Info: Redefining '\footcite'.
Package biblatex Info: Redefining '\footcitetext'.
Package biblatex Info: Redefining '\smartcite'.
Package biblatex Info: Redefining '\supercite'.
Package biblatex Info: Redefining '\textcite'.
Package biblatex Info: Redefining '\textcites'.
Package biblatex Info: Redefining '\cites'.
Package biblatex Info: Redefining '\parencites'.
Package biblatex Info: Redefining '\smartcites'.
)
Package biblatex Info: Trying to load configuration file...
Package biblatex Info: ... file 'biblatex.cfg' found.

("C:/Program Files/MiKTeX/tex/latex/biblatex/biblatex.cfg"
File: biblatex.cfg 
)
Package biblatex Info: LuaTeX detected.
(biblatex)             Assuming input encoding 'utf8'.
Package biblatex Info: Document encoding is UTF8 ....
Package biblatex Info: ... and expl3
(biblatex)             2024-01-04 L3 programming layer (loader) 
(biblatex)             is new enough (at least 2020/04/06),
(biblatex)             setting 'casechanger=expl3'.

("C:/Program Files/MiKTeX/tex/latex/biblatex/blx-case-expl3.sty"
Package: blx-case-expl3 2023/03/05 v3.19 expl3 case changing code for biblatex
))
("C:/Program Files/MiKTeX/tex/latex/hyperref/hyperref.sty"
Package: hyperref 2023-11-26 v7.01g Hypertext links for LaTeX

("C:/Program Files/MiKTeX/tex/generic/kvdefinekeys/kvdefinekeys.sty"
Package: kvdefinekeys 2019-12-19 v1.6 Define keys (HO)
)
("C:/Program Files/MiKTeX/tex/generic/pdfescape/pdfescape.sty"
Package: pdfescape 2019/12/09 v1.15 Implements pdfTeX's escape features (HO)
)
("C:/Program Files/MiKTeX/tex/latex/hycolor/hycolor.sty"
Package: hycolor 2020-01-27 v1.10 Color options for hyperref/bookmark (HO)
)
("C:/Program Files/MiKTeX/tex/latex/letltxmacro/letltxmacro.sty"
Package: letltxmacro 2019/12/03 v1.6 Let assignment for LaTeX macros (HO)
)
("C:/Program Files/MiKTeX/tex/latex/auxhook/auxhook.sty"
Package: auxhook 2019-12-17 v1.6 Hooks for auxiliary files (HO)
)
("C:/Program Files/MiKTeX/tex/latex/hyperref/nameref.sty"
Package: nameref 2023-11-26 v2.56 Cross-referencing by name of section

("C:/Program Files/MiKTeX/tex/latex/refcount/refcount.sty"
Package: refcount 2019/12/15 v3.6 Data extraction from label references (HO)
)
("C:/Program Files/MiKTeX/tex/generic/gettitlestring/gettitlestring.sty"
Package: gettitlestring 2019/12/15 v1.6 Cleanup title references (HO)
)
\c@section@level=\count510
)
\@linkdim=\dimen344
\Hy@linkcounter=\count511
\Hy@pagecounter=\count512

("C:/Program Files/MiKTeX/tex/latex/hyperref/pd1enc.def"
File: pd1enc.def 2023-11-26 v7.01g Hyperref: PDFDocEncoding definition (HO)
)
("C:/Program Files/MiKTeX/tex/generic/intcalc/intcalc.sty"
Package: intcalc 2019/12/15 v1.3 Expandable calculations with integers (HO)
)
\Hy@SavedSpaceFactor=\count513

("C:/Program Files/MiKTeX/tex/latex/hyperref/puenc.def"
File: puenc.def 2023-11-26 v7.01g Hyperref: PDF Unicode definition (HO)
)
Package hyperref Info: Hyper figures OFF on input line 4181.
Package hyperref Info: Link nesting OFF on input line 4186.
Package hyperref Info: Hyper index ON on input line 4189.
Package hyperref Info: Plain pages OFF on input line 4196.
Package hyperref Info: Backreferencing OFF on input line 4201.
Package hyperref Info: Implicit mode ON; LaTeX internals redefined.
Package hyperref Info: Bookmarks ON on input line 4448.
\c@Hy@tempcnt=\count514
LaTeX Info: Redefining \url on input line 4786.
\XeTeXLinkMargin=\dimen345

("C:/Program Files/MiKTeX/tex/generic/bitset/bitset.sty"
Package: bitset 2019/12/09 v1.3 Handle bit-vector datatype (HO)

("C:/Program Files/MiKTeX/tex/generic/bigintcalc/bigintcalc.sty"
Package: bigintcalc 2019/12/15 v1.5 Expandable calculations on big integers (HO
)
))
\Fld@menulength=\count515
\Field@Width=\dimen346
\Fld@charsize=\dimen347
Package hyperref Info: Hyper figures OFF on input line 6065.
Package hyperref Info: Link nesting OFF on input line 6070.
Package hyperref Info: Hyper index ON on input line 6073.
Package hyperref Info: backreferencing OFF on input line 6080.
Package hyperref Info: Link coloring OFF on input line 6085.
Package hyperref Info: Link coloring with OCG OFF on input line 6090.
Package hyperref Info: PDF/A mode OFF on input line 6095.

("C:/Program Files/MiKTeX/tex/latex/base/atbegshi-ltx.sty"
Package: atbegshi-ltx 2021/01/10 v1.0c Emulation of the original atbegshi
package with kernel methods
)
\Hy@abspage=\count516
\c@Item=\count517
\c@Hfootnote=\count518
)
Package hyperref Info: Driver (autodetected): hluatex.

("C:/Program Files/MiKTeX/tex/latex/hyperref/hluatex.def"
File: hluatex.def 2023-11-26 v7.01g Hyperref driver for luaTeX

("C:/Program Files/MiKTeX/tex/generic/stringenc/stringenc.sty"
Package: stringenc 2019/11/29 v1.12 Convert strings between diff. encodings (HO
)
)
\Fld@listcount=\count519
\c@bookmark@seq@number=\count520

("C:/Program Files/MiKTeX/tex/latex/rerunfilecheck/rerunfilecheck.sty"
Package: rerunfilecheck 2022-07-10 v1.10 Rerun checks for auxiliary files (HO)

("C:/Program Files/MiKTeX/tex/generic/uniquecounter/uniquecounter.sty"
Package: uniquecounter 2019/12/15 v1.4 Provide unlimited unique counter (HO)
)
Package uniquecounter Info: New unique counter `rerunfilecheck' on input line 2
85.
)
\Hy@SectionHShift=\skip79
)
Package hyperref Info: Option `colorlinks' set `true' on input line 130.

("C:/Program Files/MiKTeX/tex/latex/cleveref/cleveref.sty"
Package: cleveref 2018/03/27 v0.21.4 Intelligent cross-referencing
Package cleveref Info: `hyperref' support loaded on input line 2370.
LaTeX Info: Redefining \cref on input line 2370.
LaTeX Info: Redefining \Cref on input line 2370.
LaTeX Info: Redefining \crefrange on input line 2370.
LaTeX Info: Redefining \Crefrange on input line 2370.
LaTeX Info: Redefining \cpageref on input line 2370.
LaTeX Info: Redefining \Cpageref on input line 2370.
LaTeX Info: Redefining \cpagerefrange on input line 2370.
LaTeX Info: Redefining \Cpagerefrange on input line 2370.
LaTeX Info: Redefining \labelcref on input line 2370.
LaTeX Info: Redefining \labelcpageref on input line 2370.
Package cleveref Info: `listings' support loaded on input line 3131.
Package cleveref Info: always capitalise cross-reference names on input line 78
30.
Package cleveref Info: include cross-reference names in hyperlinks on input lin
e 7836.
Package cleveref Info: no abbreviation of names on input line 7852.
Package cleveref Info: always capitalise cross-reference names on input line 78
52.
Package cleveref Info: include cross-reference names in hyperlinks on input lin
e 7852.
)
Package translations Info: No language package found. I am going to use `englis
h' as default language. on input line 148.
runsystem(for ^%i in (pygmentize.exe pygmentize.bat pygmentize.cmd) do set > doc
ument.aex <nul: /p x=^%~$PATH:i>> document.aex)...failed. 
runsystem(del document.aex)...executed.
\@quotelevel=\count521
\@quotereset=\count522
 (./document.aux)
\openout1 = document.aux

LaTeX Font Info:    Checking defaults for OML/cmm/m/it on input line 148.
LaTeX Font Info:    ... okay on input line 148.
LaTeX Font Info:    Checking defaults for OMS/cmsy/m/n on input line 148.
LaTeX Font Info:    ... okay on input line 148.
LaTeX Font Info:    Checking defaults for OT1/cmr/m/n on input line 148.
LaTeX Font Info:    ... okay on input line 148.
LaTeX Font Info:    Checking defaults for T1/cmr/m/n on input line 148.
LaTeX Font Info:    ... okay on input line 148.
LaTeX Font Info:    Checking defaults for TS1/cmr/m/n on input line 148.
LaTeX Font Info:    Trying to load font information for TS1+cmr on input line 1
48.

("C:/Program Files/MiKTeX/tex/latex/base/ts1cmr.fd"
File: ts1cmr.fd 2023/04/13 v2.5m Standard LaTeX font definitions
)
LaTeX Font Info:    ... okay on input line 148.
LaTeX Font Info:    Checking defaults for TU/lmr/m/n on input line 148.
LaTeX Font Info:    ... okay on input line 148.
LaTeX Font Info:    Checking defaults for OMX/cmex/m/n on input line 148.
LaTeX Font Info:    ... okay on input line 148.
LaTeX Font Info:    Checking defaults for U/cmr/m/n on input line 148.
LaTeX Font Info:    ... okay on input line 148.
LaTeX Font Info:    Checking defaults for PD1/pdf/m/n on input line 148.
LaTeX Font Info:    ... okay on input line 148.
LaTeX Font Info:    Checking defaults for PU/pdf/m/n on input line 148.
LaTeX Font Info:    ... okay on input line 148.

("C:/Program Files/MiKTeX/tex/context/base/mkii/supp-pdf.mkii"
[Loading MPS to PDF converter (version 2006.09.02).]
\scratchcounter=\count523
\scratchdimen=\dimen348
\scratchbox=\box86
\nofMPsegments=\count524
\nofMParguments=\count525
\everyMPshowfont=\toks46
\MPscratchCnt=\count526
\MPscratchDim=\dimen349
\MPnumerator=\count527
\makeMPintoPDFobject=\count528
\everyMPtoPDFconversion=\toks47
) ("C:/Program Files/MiKTeX/tex/latex/epstopdf-pkg/epstopdf-base.sty"
Package: epstopdf-base 2020-01-24 v2.11 Base part for package epstopdf

("C:/Program Files/MiKTeX/tex/latex/grfext/grfext.sty"
Package: grfext 2019/12/03 v1.3 Manage graphics extensions (HO)
)
Package epstopdf-base Info: Redefining graphics rule for `.eps' on input line 4
85.
Package grfext Info: Graphics extension search list:
(grfext)             [.pdf,.png,.jpg,.mps,.jpeg,.jbig2,.jb2,.PDF,.PNG,.JPG,.JPE
G,.JBIG2,.JB2,.eps]
(grfext)             \AppendGraphicsExtensions on input line 504.

("C:/Program Files/MiKTeX/tex/latex/00miktex/epstopdf-sys.cfg"
File: epstopdf-sys.cfg 2021/03/18 v2.0 Configuration of epstopdf for MiKTeX
))
Package pgfplots notification 'compat/show suggested version=true': document ha
s been generated with the most recent feature set (\pgfplotsset{compat=1.18}).

Package caption Info: Begin \AtBeginDocument code.
Package caption Info: Option `justification=Centering' requires the `ragged2e' 
package on input line 148.
("C:/Program Files/MiKTeX/tex/latex/ragged2e/ragged2e.sty"
Package: ragged2e 2023/06/22 v3.6 ragged2e Package
\CenteringLeftskip=\skip80
\RaggedLeftLeftskip=\skip81
\RaggedRightLeftskip=\skip82
\CenteringRightskip=\skip83
\RaggedLeftRightskip=\skip84
\RaggedRightRightskip=\skip85
\CenteringParfillskip=\skip86
\RaggedLeftParfillskip=\skip87
\RaggedRightParfillskip=\skip88
\JustifyingParfillskip=\skip89
\CenteringParindent=\skip90
\RaggedLeftParindent=\skip91
\RaggedRightParindent=\skip92
\JustifyingParindent=\skip93
)
Package caption Info: hyperref package is loaded.
Package caption Info: listings package is loaded.
Package caption Info: End \AtBeginDocument code.

("C:/Program Files/MiKTeX/tex/latex/translations/dicts/translations-basic-dicti
onary-english.trsl"
File: translations-basic-dictionary-english.trsl (english translation file `tra
nslations-basic-dictionary')
)
Package translations Info: loading dictionary `translations-basic-dictionary' f
or `english'. on input line 148.

Package fontspec Info: Adjusting the maths setup (use [no-math] to avoid
(fontspec)             this).

\symlegacymaths=\mathgroup4
LaTeX Font Info:    Overwriting symbol font `legacymaths' in version `bold'
(Font)                  OT1/cmr/m/n --> OT1/cmr/bx/n on input line 148.
LaTeX Font Info:    Redeclaring math accent \acute on input line 148.
LaTeX Font Info:    Redeclaring math accent \grave on input line 148.
LaTeX Font Info:    Redeclaring math accent \ddot on input line 148.
LaTeX Font Info:    Redeclaring math accent \tilde on input line 148.
LaTeX Font Info:    Redeclaring math accent \bar on input line 148.
LaTeX Font Info:    Redeclaring math accent \breve on input line 148.
LaTeX Font Info:    Redeclaring math accent \check on input line 148.
LaTeX Font Info:    Redeclaring math accent \hat on input line 148.
LaTeX Font Info:    Redeclaring math accent \dot on input line 148.
LaTeX Font Info:    Redeclaring math accent \mathring on input line 148.
LaTeX Font Info:    Redeclaring math symbol \Gamma on input line 148.
LaTeX Font Info:    Redeclaring math symbol \Delta on input line 148.
LaTeX Font Info:    Redeclaring math symbol \Theta on input line 148.
LaTeX Font Info:    Redeclaring math symbol \Lambda on input line 148.
LaTeX Font Info:    Redeclaring math symbol \Xi on input line 148.
LaTeX Font Info:    Redeclaring math symbol \Pi on input line 148.
LaTeX Font Info:    Redeclaring math symbol \Sigma on input line 148.
LaTeX Font Info:    Redeclaring math symbol \Upsilon on input line 148.
LaTeX Font Info:    Redeclaring math symbol \Phi on input line 148.
LaTeX Font Info:    Redeclaring math symbol \Psi on input line 148.
LaTeX Font Info:    Redeclaring math symbol \Omega on input line 148.
LaTeX Font Info:    Redeclaring math symbol \mathdollar on input line 148.
LaTeX Font Info:    Redeclaring symbol font `operators' on input line 148.
LaTeX Font Info:    Encoding `OT1' has changed to `TU' for symbol font
(Font)              `operators' in the math version `normal' on input line 148.

LaTeX Font Info:    Overwriting symbol font `operators' in version `normal'
(Font)                  OT1/cmr/m/n --> TU/lmr/m/n on input line 148.
LaTeX Font Info:    Encoding `OT1' has changed to `TU' for symbol font
(Font)              `operators' in the math version `bold' on input line 148.
LaTeX Font Info:    Overwriting symbol font `operators' in version `bold'
(Font)                  OT1/cmr/bx/n --> TU/lmr/m/n on input line 148.
LaTeX Font Info:    Overwriting symbol font `operators' in version `normal'
(Font)                  TU/lmr/m/n --> TU/lmr/m/n on input line 148.
LaTeX Font Info:    Overwriting math alphabet `\mathit' in version `normal'
(Font)                  OT1/cmr/m/it --> TU/lmr/m/it on input line 148.
LaTeX Font Info:    Overwriting math alphabet `\mathbf' in version `normal'
(Font)                  OT1/cmr/bx/n --> TU/lmr/b/n on input line 148.
LaTeX Font Info:    Overwriting math alphabet `\mathsf' in version `normal'
(Font)                  OT1/cmss/m/n --> TU/lmss/m/n on input line 148.
LaTeX Font Info:    Overwriting math alphabet `\mathtt' in version `normal'
(Font)                  OT1/cmtt/m/n --> TU/CaskaydiaCoveNerdFont(0)/m/n on inp
ut line 148.
LaTeX Font Info:    Overwriting symbol font `operators' in version `bold'
(Font)                  TU/lmr/m/n --> TU/lmr/b/n on input line 148.
LaTeX Font Info:    Overwriting math alphabet `\mathit' in version `bold'
(Font)                  OT1/cmr/bx/it --> TU/lmr/b/it on input line 148.
LaTeX Font Info:    Overwriting math alphabet `\mathsf' in version `bold'
(Font)                  OT1/cmss/bx/n --> TU/lmss/b/n on input line 148.
LaTeX Font Info:    Overwriting math alphabet `\mathtt' in version `bold'
(Font)                  OT1/cmtt/m/n --> TU/CaskaydiaCoveNerdFont(0)/b/n on inp
ut line 148.
\c@lstlisting=\count529
Package biblatex Info: Trying to load language 'english'...
Package biblatex Info: ... file 'english.lbx' found.

("C:/Program Files/MiKTeX/tex/latex/biblatex/lbx/english.lbx"
File: english.lbx 2023/03/05 v3.19 biblatex localization (PK/MW)
)
Package biblatex Info: LuaTeX detected.
(biblatex)             Assuming input encoding 'utf8'.
Package biblatex Info: Automatic encoding selection.
(biblatex)             Assuming data encoding 'utf8'.

\openout6 = document.bcf
Package biblatex Info: Trying to load bibliographic data...
Package biblatex Info: ... file 'document.bbl' found.
 (./document.bbl)
Package biblatex Info: Reference section=0 on input line 148.
Package biblatex Info: Reference segment=0 on input line 148.
Package hyperref Info: Link coloring ON on input line 148.
(./document.out) (./document.out)
\@outlinefile=\write7

\openout7 = document.out
 [1

{C:/Users/LordKuro4Life/AppData/Local/MiKTeX/fonts/map/pdftex/pdftex.map}]

LaTeX Font Warning: Font shape `TU/CaskaydiaCoveNerdFont(0)/b/n' undefined
(Font)              using `TU/CaskaydiaCoveNerdFont(0)/m/n' instead on input li
ne 177.

<Media/gdbup.jpg, id=17, 1156.32pt x 432.4155pt>
File: Media/gdbup.jpg Graphic file (type jpg)
<use Media/gdbup.jpg>
Package luatex.def Info: Media/gdbup.jpg  used on input line 180.
(luatex.def)             Requested size: 390.0pt x 145.83826pt.

Underfull \hbox (badness 1275) in paragraph at lines 181--181
 []\TU/lmr/m/n/12 Fig-ure 1.1: |Us-ing \TU/CaskaydiaCoveNerdFont(0)/m/n/12 arm-n
one-eabi-gdb \TU/lmr/m/n/12 and read-ing 
 []


Underfull \hbox (badness 1009) in paragraph at lines 181--181
 \TU/lmr/m/n/12 sym-bols from the lab1.elf file and start-ing qemu freezed 
 []


warning  (pdf backend): ignoring duplicate destination with the name 'page.1'
[1<./Media/gdbup.jpg>] (./document.aux)
 ***********
LaTeX2e <2023-11-01> patch level 1
L3 programming layer <2024-01-04>
 ***********


LaTeX Font Warning: Some font shapes were not available, defaults substituted.

Package rerunfilecheck Info: File `document.out' has not changed.
(rerunfilecheck)             Checksum: F00CF73F5687303BD3A2DA025C519BC5;152.
Package logreq Info: Writing requests to 'document.run.xml'.

\openout1 = document.run.xml
)

Here is how much of LuaTeX's memory you used:
 69012 strings out of 476497
 125086,3417909 words of node,token memory allocated
 626 words of node memory still in use:
   6 hlist, 2 vlist, 2 rule, 2 glue, 4 kern, 1 glyph, 7 attribute, 79 glue_spec,
 7 attribute_list, 2 write nodes
   avail lists: 1:1,2:122,3:51,4:33,5:69,6:18,7:625,8:1,9:110,10:17,11:20
 89894 multiletter control sequences out of 65536+600000
 28 fonts using 14397359 bytes
 84i,6n,89p,730b,885s stack positions out of 10000i,1000n,20000p,200000b,200000s
<C:/Users/LordKuro4Life/AppData/Local/Microsoft/Windows/Fonts/caskaydiacovenerdf
ont-regular.ttf><//?/c:/program files/miktex/fonts/opentype/public/lm/lmroman12-
regular.otf><//?/c:/program files/miktex/fonts/opentype/public/lm/lmroman12-bold
.otf>
Output written on document.pdf (2 pages, 547616 bytes).

PDF statistics: 45 PDF objects out of 1000 (max. 8388607)
 4 named destinations out of 1000 (max. 131072)
 24 words of extra memory for PDF output out of 10000 (max. 100000000)

